  main.cpp
f:\学习资料\留学\interactive computer graphics\icg-homework\assignment4\assignment4\assignment4\camera.hpp(41): warning C4244: '=': conversion from 'double' to 'float', possible loss of data
f:\学习资料\留学\interactive computer graphics\icg-homework\assignment4\assignment4\assignment4\camera.hpp(51): warning C4244: '=': conversion from 'double' to 'float', possible loss of data
f:\学习资料\留学\interactive computer graphics\icg-homework\assignment4\assignment4\assignment4\geometry.hpp(70): warning C4244: '=': conversion from 'double' to 'float', possible loss of data
f:\学习资料\留学\interactive computer graphics\icg-homework\assignment4\assignment4\assignment4\geometry.hpp(72): warning C4267: 'argument': conversion from 'size_t' to 'unsigned short', possible loss of data
f:\学习资料\留学\interactive computer graphics\icg-homework\assignment4\assignment4\assignment4\geometrymaker.h(60): warning C4244: 'initializing': conversion from 'double' to 'float', possible loss of data
  f:\学习资料\留学\interactive computer graphics\icg-homework\assignment4\assignment4\assignment4\geometry.hpp(134): note: see reference to function template instantiation 'void makeCube<std::_Vector_iterator<std::_Vector_val<std::_Simple_types<Vertex>>>,std::_Vector_iterator<std::_Vector_val<std::_Simple_types<unsigned short>>>>(float,VtxOutIter,IdxOutIter)' being compiled
          with
          [
              VtxOutIter=std::_Vector_iterator<std::_Vector_val<std::_Simple_types<Vertex>>>,
              IdxOutIter=std::_Vector_iterator<std::_Vector_val<std::_Simple_types<unsigned short>>>
          ]
f:\学习资料\留学\interactive computer graphics\icg-homework\assignment4\assignment4\assignment4\geometrymaker.h(151): warning C4244: 'initializing': conversion from 'double' to 'float', possible loss of data
  f:\学习资料\留学\interactive computer graphics\icg-homework\assignment4\assignment4\assignment4\geometry.hpp(150): note: see reference to function template instantiation 'void makeSphere<std::_Vector_iterator<std::_Vector_val<std::_Simple_types<Vertex>>>,std::_Vector_iterator<std::_Vector_val<std::_Simple_types<unsigned short>>>>(float,int,int,VtxOutIter,IdxOutIter)' being compiled
          with
          [
              VtxOutIter=std::_Vector_iterator<std::_Vector_val<std::_Simple_types<Vertex>>>,
              IdxOutIter=std::_Vector_iterator<std::_Vector_val<std::_Simple_types<unsigned short>>>
          ]
f:\学习资料\留学\interactive computer graphics\icg-homework\assignment4\assignment4\assignment4\geometrymaker.h(152): warning C4244: 'initializing': conversion from 'double' to 'float', possible loss of data
f:\学习资料\留学\interactive computer graphics\icg-homework\assignment4\assignment4\assignment4\geometrymaker.h(153): warning C4244: 'initializing': conversion from 'double' to 'float', possible loss of data
f:\学习资料\留学\interactive computer graphics\icg-homework\assignment4\assignment4\assignment4\geometrymaker.h(156): warning C4244: 'argument': conversion from 'double' to 'const float', possible loss of data
f:\学习资料\留学\interactive computer graphics\icg-homework\assignment4\assignment4\assignment4\geometrymaker.h(164): warning C4244: 'argument': conversion from 'double' to 'float', possible loss of data
  assignment4.vcxproj -> F:\学习资料\留学\Interactive Computer Graphics\ICG-Homework\Assignment4\assignment4\Debug\assignment4.exe
  assignment4.vcxproj -> F:\学习资料\留学\Interactive Computer Graphics\ICG-Homework\Assignment4\assignment4\Debug\assignment4.pdb (Partial PDB)
